Using pre-set license
Built from '2021.3/staging' branch; Version is '2021.3.9f1 (ad3870b89536) revision 11352176'; Using compiler version '192829333'; Build Type 'Release'
OS: 'Windows 11  (10.0.22000) 64bit Professional' Language: 'zh' Physical Memory: 16309 MB
BatchMode: 1, IsHumanControllingUs: 0, StartBugReporterOnCrash: 0, Is64bit: 1, IsPro: 1

COMMAND LINE ARGUMENTS:
C:\Program Files\Unity\Hub\Editor\2021.3.9f1\Editor\Unity.exe
-adb2
-batchMode
-noUpm
-name
AssetImportWorker0
-projectPath
C:/Users/yanle/Desktop/CMPM121-FinalProject
-logFile
Logs/AssetImportWorker0.log
-srvPort
12791
Successfully changed project path to: C:/Users/yanle/Desktop/CMPM121-FinalProject
C:/Users/yanle/Desktop/CMPM121-FinalProject
[UnityMemory] Configuration Parameters - Can be set up in boot.config
    "memorysetup-bucket-allocator-granularity=16"
    "memorysetup-bucket-allocator-bucket-count=8"
    "memorysetup-bucket-allocator-block-size=33554432"
    "memorysetup-bucket-allocator-block-count=8"
    "memorysetup-main-allocator-block-size=16777216"
    "memorysetup-thread-allocator-block-size=16777216"
    "memorysetup-gfx-main-allocator-block-size=16777216"
    "memorysetup-gfx-thread-allocator-block-size=16777216"
    "memorysetup-cache-allocator-block-size=4194304"
    "memorysetup-typetree-allocator-block-size=2097152"
    "memorysetup-profiler-bucket-allocator-granularity=16"
    "memorysetup-profiler-bucket-allocator-bucket-count=8"
    "memorysetup-profiler-bucket-allocator-block-size=33554432"
    "memorysetup-profiler-bucket-allocator-block-count=8"
    "memorysetup-profiler-allocator-block-size=16777216"
    "memorysetup-profiler-editor-allocator-block-size=1048576"
    "memorysetup-temp-allocator-size-main=16777216"
    "memorysetup-job-temp-allocator-block-size=2097152"
    "memorysetup-job-temp-allocator-block-size-background=1048576"
    "memorysetup-job-temp-allocator-reduction-small-platforms=262144"
    "memorysetup-temp-allocator-size-background-worker=32768"
    "memorysetup-temp-allocator-size-job-worker=262144"
    "memorysetup-temp-allocator-size-preload-manager=33554432"
    "memorysetup-temp-allocator-size-nav-mesh-worker=65536"
    "memorysetup-temp-allocator-size-audio-worker=65536"
    "memorysetup-temp-allocator-size-cloud-worker=32768"
    "memorysetup-temp-allocator-size-gi-baking-worker=262144"
    "memorysetup-temp-allocator-size-gfx=262144"
Refreshing native plugins compatible for Editor in 72.22 ms, found 3 plugins.
Preloading 0 native plugins for Editor in 0.00 ms.
Initialize engine version: 2021.3.9f1 (ad3870b89536)
[Subsystems] Discovering subsystems at path C:/Program Files/Unity/Hub/Editor/2021.3.9f1/Editor/Data/Resources/UnitySubsystems
[Subsystems] Discovering subsystems at path C:/Users/yanle/Desktop/CMPM121-FinalProject/Assets
GfxDevice: creating device client; threaded=0; jobified=0
Direct3D:
    Version:  Direct3D 11.0 [level 11.1]
    Renderer: NVIDIA GeForce RTX 3060 (ID=0x2487)
    Vendor:   NVIDIA
    VRAM:     12124 MB
    Driver:   31.0.15.2698
Initialize mono
Mono path[0] = 'C:/Program Files/Unity/Hub/Editor/2021.3.9f1/Editor/Data/Managed'
Mono path[1] = 'C:/Program Files/Unity/Hub/Editor/2021.3.9f1/Editor/Data/MonoBleedingEdge/lib/mono/unityjit-win32'
Mono config path = 'C:/Program Files/Unity/Hub/Editor/2021.3.9f1/Editor/Data/MonoBleedingEdge/etc'
Using monoOptions --debugger-agent=transport=dt_socket,embedding=1,server=y,suspend=n,address=127.0.0.1:56152
Begin MonoManager ReloadAssembly
Registering precompiled unity dll's ...
Register platform support module: C:/Program Files/Unity/Hub/Editor/2021.3.9f1/Editor/Data/PlaybackEngines/WindowsStandaloneSupport/UnityEditor.WindowsStandalone.Extensions.dll
Registered in 0.003825 seconds.
Native extension for WindowsStandalone target not found
Refreshing native plugins compatible for Editor in 82.56 ms, found 3 plugins.
Preloading 0 native plugins for Editor in 0.00 ms.
Mono: successfully reloaded assembly
- Completed reload, in  0.630 seconds
Domain Reload Profiling:
	ReloadAssembly (630ms)
		BeginReloadAssembly (59ms)
			ExecutionOrderSort (0ms)
			DisableScriptedObjects (0ms)
			BackupInstance (0ms)
			ReleaseScriptingObjects (0ms)
			CreateAndSetChildDomain (0ms)
		EndReloadAssembly (490ms)
			LoadAssemblies (57ms)
			RebuildTransferFunctionScriptingTraits (0ms)
			SetupTypeCache (139ms)
			ReleaseScriptCaches (0ms)
			RebuildScriptCaches (33ms)
			SetupLoadedEditorAssemblies (240ms)
				LogAssemblyErrors (0ms)
				InitializePlatformSupportModulesInManaged (7ms)
				SetLoadedEditorAssemblies (0ms)
				RefreshPlugins (83ms)
				BeforeProcessingInitializeOnLoad (1ms)
				ProcessInitializeOnLoadAttributes (116ms)
				ProcessInitializeOnLoadMethodAttributes (33ms)
				AfterProcessingInitializeOnLoad (0ms)
				EditorAssembliesLoaded (0ms)
			ExecutionOrderSort2 (0ms)
			AwakeInstancesAfterBackupRestoration (0ms)
Platform modules already initialized, skipping
Registering precompiled user dll's ...
Registered in 0.008528 seconds.
Begin MonoManager ReloadAssembly
Symbol file LoadedFromMemory doesn't match image C:\Users\yanle\Desktop\CMPM121-FinalProject\Library\PackageCache\com.unity.visualscripting@1.7.8\Editor\VisualScripting.Core\Dependencies\YamlDotNet\Unity.VisualScripting.YamlDotNet.dll
Symbol file LoadedFromMemory doesn't match image C:\Users\yanle\Desktop\CMPM121-FinalProject\Library\PackageCache\com.unity.visualscripting@1.7.8\Editor\VisualScripting.Core\Dependencies\DotNetZip\Unity.VisualScripting.IonicZip.dll
Native extension for WindowsStandalone target not found
Refreshing native plugins compatible for Editor in 80.38 ms, found 3 plugins.
Preloading 0 native plugins for Editor in 0.00 ms.
Mono: successfully reloaded assembly
- Completed reload, in  0.900 seconds
Domain Reload Profiling:
	ReloadAssembly (900ms)
		BeginReloadAssembly (79ms)
			ExecutionOrderSort (0ms)
			DisableScriptedObjects (4ms)
			BackupInstance (0ms)
			ReleaseScriptingObjects (0ms)
			CreateAndSetChildDomain (15ms)
		EndReloadAssembly (732ms)
			LoadAssemblies (64ms)
			RebuildTransferFunctionScriptingTraits (0ms)
			SetupTypeCache (191ms)
			ReleaseScriptCaches (1ms)
			RebuildScriptCaches (45ms)
			SetupLoadedEditorAssemblies (398ms)
				LogAssemblyErrors (0ms)
				InitializePlatformSupportModulesInManaged (3ms)
				SetLoadedEditorAssemblies (0ms)
				RefreshPlugins (80ms)
				BeforeProcessingInitializeOnLoad (74ms)
				ProcessInitializeOnLoadAttributes (174ms)
				ProcessInitializeOnLoadMethodAttributes (60ms)
				AfterProcessingInitializeOnLoad (6ms)
				EditorAssembliesLoaded (0ms)
			ExecutionOrderSort2 (0ms)
			AwakeInstancesAfterBackupRestoration (5ms)
Platform modules already initialized, skipping
========================================================================
Worker process is ready to serve import requests
Failed to load shader (instanceID 606, GUID 67f9497810829eb4791ec19e95781e51)
Failed to load shader (instanceID 570, GUID e8ce9961912f3214586fe8709b9012c1)
Failed to load shader (instanceID 608, GUID f997a3dc9254c44459323cced085150c)
Failed to load shader (instanceID 590, GUID 7ad194cbe7d006f4bace915156972026)
Failed to load shader (instanceID 578, GUID 0d8afcb51cc9f0349a6d190da929b838)
Failed to load shader (instanceID 572, GUID 5ab0816423f0dfe45841cab3b05ec9ef)
Failed to load shader (instanceID 584, GUID 81af42a93ade3dd46a9b583d4eec76d6)
Failed to load shader (instanceID 582, GUID 51bcf79c50dc92e47ba87821b61100c3)
Failed to load shader (instanceID 588, GUID 382151503e2a43a4ebb7366d1632731d)
Failed to load shader (instanceID 594, GUID f7ea35cfb33fcad4ab8f2429ec103bef)
Failed to load shader (instanceID 604, GUID d7640629310e79646af0f46eb55ae466)
Failed to load shader (instanceID 596, GUID 3020ac7ece79a7f4eb789a236f8bd6c5)
Failed to load shader (instanceID 614, GUID 5bb6ef6f3e1b20348b4fdb01e4c404e2)
Failed to load shader (instanceID 610, GUID fe144c7e314047f4bb779d555c5405ac)
Failed to load shader (instanceID 586, GUID 34a819c9e33402547a81619693adc8d5)
Failed to load shader (instanceID 576, GUID f75014305794b3948a3c6d5ccd550e05)
Failed to load shader (instanceID 568, GUID 02d2da9bc88d25c4d878c1ed4e0b3854)
Failed to load shader (instanceID 600, GUID b958ad1c92bd3d64c9e61318b8681dab)
Failed to load shader (instanceID 592, GUID b34a29e523cb9d545881e193a079f2df)
Failed to load shader (instanceID 580, GUID 2c459b89a7c8b1a4fbefe0d81341651c)
Failed to load shader (instanceID 574, GUID 0ef78d24e85a44f4da9d5b5eaa00e50b)
Failed to load shader (instanceID 564, GUID cdbdb71de5f9c454b980f6d0e87f0afb)
Failed to load shader (instanceID 566, GUID 4bf4cff0d0bac3d43894e2e8839feb40)
Failed to load shader (instanceID 598, GUID a71093f2a4fe26a40805c22739e10e4a)
Failed to load shader (instanceID 562, GUID c1e1d3119c6fd4646aea0b4b74cacc1a)
Failed to load shader (instanceID 602, GUID 4117fce9491711c4094d33a048e36e73)
Failed to load shader (instanceID 612, GUID de7f3ac52268a194383c7d62c2a343c1)
Launched and connected shader compiler UnityShaderCompiler.exe after 0.04 seconds
Refreshing native plugins compatible for Editor in 0.80 ms, found 3 plugins.
Preloading 0 native plugins for Editor in 0.00 ms.
Unloading 5045 Unused Serialized files (Serialized files now loaded: 0)
Unloading 46 unused Assets / (1.9 MB). Loaded Objects now: 5486.
Memory consumption went from 199.5 MB to 197.6 MB.
Total: 3.263300 ms (FindLiveObjects: 0.317400 ms CreateObjectMapping: 0.242000 ms MarkObjects: 2.309700 ms  DeleteObjects: 0.393500 ms)

AssetImportParameters requested are different than current active one (requested -> active):
  custom:video-decoder-ogg-theora: a1e56fd34408186e4bbccfd4996cb3dc -> 
  custom:container-muxer-webm: aa71ff27fc2769a1b78a27578f13a17b -> 
  custom:container-demuxer-webm: 4f35f7cbe854078d1ac9338744f61a02 -> 
  custom:video-encoder-webm-vp8: eb34c28f22e8b96e1ab97ce403110664 -> 
  custom:audio-encoder-webm-vorbis: bf7c407c2cedff20999df2af8eb42d56 -> 
  custom:framework-win-MediaFoundation: 216162199b28c13a410421893ffa2e32 -> 
  custom:container-demuxer-ogg: 62fdf1f143b41e24485cea50d1cbac27 -> 
  custom:video-decoder-webm-vp8: 9c59270c3fd7afecdb556c50c9e8de78 -> 
  custom:audio-decoder-ogg-vorbis: bf7c407c2cedff20999df2af8eb42d56 -> 
========================================================================
Received Import Request.
  Time since last request: 178780.772418 seconds.
  path: Assets/Readme.asset
  artifactKey: Guid(8105016687592461f977c054a80ce2f2) Importer(815301076,1909f56bfc062723c751e8b465ee728b)
Start importing Assets/Readme.asset using Guid(8105016687592461f977c054a80ce2f2) Importer(815301076,1909f56bfc062723c751e8b465ee728b)  -> (artifact id: '3f8df6bccfaeea7c160e2ca3bda91111') in 0.024599 seconds 
========================================================================
Received Import Request.
  Time since last request: 238.606427 seconds.
  path: Assets/GhostHouse.unity
  artifactKey: Guid(3d98060ed3968444396226b8ecb9a380) Importer(815301076,1909f56bfc062723c751e8b465ee728b)
Start importing Assets/GhostHouse.unity using Guid(3d98060ed3968444396226b8ecb9a380) Importer(815301076,1909f56bfc062723c751e8b465ee728b)  -> (artifact id: 'f909635108cea83dd9e175f1c84938fc') in 0.004108 seconds 
========================================================================
Received Import Request.
  Time since last request: 6.026036 seconds.
  path: Assets/Mesh
  artifactKey: Guid(89bf956d8a0465246a4e8bd50059f5a3) Importer(815301076,1909f56bfc062723c751e8b465ee728b)
Start importing Assets/Mesh using Guid(89bf956d8a0465246a4e8bd50059f5a3) Importer(815301076,1909f56bfc062723c751e8b465ee728b)  -> (artifact id: '909875280aca79aedd6af2d10c8be816') in 0.004005 seconds 
========================================================================
Received Import Request.
  Time since last request: 31.578138 seconds.
  path: Assets/Mesh/bedroom 1.fbx
  artifactKey: Guid(89c5d8178bf95044689a1a499f024164) Importer(815301076,1909f56bfc062723c751e8b465ee728b)
Start importing Assets/Mesh/bedroom 1.fbx using Guid(89c5d8178bf95044689a1a499f024164) Importer(815301076,1909f56bfc062723c751e8b465ee728b)  -> (artifact id: 'e462d600ab4fcb7df1395bf5786fa376') in 0.670506 seconds 
========================================================================
Received Import Request.
  Time since last request: 7.271606 seconds.
  path: Assets/Mesh/bedroom_Door.fbx
  artifactKey: Guid(89c5d8178bf95044689a1a499f024164) Importer(815301076,1909f56bfc062723c751e8b465ee728b)
Start importing Assets/Mesh/bedroom_Door.fbx using Guid(89c5d8178bf95044689a1a499f024164) Importer(815301076,1909f56bfc062723c751e8b465ee728b)  -> (artifact id: 'd13f6f3eb0945ee8760343b7c34c84eb') in 0.514507 seconds 
